received message request: no messages provided. 
received message request: no messages provided. 
received message request: no messages provided. 
received message request: no messages provided. 
received message request: no messages provided. 
received message request: no messages provided. 
received message request: no messages provided. 
received message request: no messages provided. 
received message request: no messages provided. 
received message request: no messages provided. 
received message request: no messages provided. 
received message request: no messages provided. 
received message request: no messages provided. 
received message request: no messages provided. 
received message request: no messages provided. 
received message request: no messages provided. 
received message request: no messages provided. 
received message request: no messages provided. 
received message request: no messages provided. 
received message request: no messages provided. 
received message request: no messages provided. 
received message request: no messages provided. 
received message request: no messages provided. 
received message request: no messages provided. 
received message request: no messages provided. 
received message request: no messages provided. 
received message request: no messages provided. 
received message request: no messages provided. 
received message request: no messages provided. 
received message request: no messages provided. 
received message request: no messages provided. 
received message request: no messages provided. 
received message request: no messages provided. 
received message request: no messages provided. 
received message request: no messages provided. 
received message request: no messages provided. 
received message request: no messages provided. 
received message request: no messages provided. 
received message request: no messages provided. 
received message request: no messages provided. 
received message request: no messages provided. 
received message request: no messages provided. 
received message request: no messages provided. 
received message request: no messages provided. 
received message request: no messages provided. 
received message request: no messages provided. 
received message request: no messages provided. 
received message request: no messages provided. 
received message request: no messages provided. 
received message request: no messages provided. 
received message request: no messages provided. 
received message request: no messages provided. 
received message request: no messages provided. 
received message request: no messages provided. 
received message request: no messages provided. 
received message request: no messages provided. 
received message request: no messages provided. 
received message request: no messages provided. 
received message: A | 000000000000000000000000 | 1 | 1496179299027 at 1496179299030
log length before receiving: 0
received message request: returned a message. 
received message request: no messages provided. 
received message request: no messages provided. 
received message: A | 100000000000000000000000 | 5 | 1496179299168 at 1496179299171
log length before receiving: 0
received message request: returned a message. 
received message request: no messages provided. 
received message: A | 200000000000000000000000 | 6 | 1496179299214 at 1496179299217
log length before receiving: 0
received message request: returned a message. 
received message request: no messages provided. 
received message: A | 300000000000000000000000 | 8 | 1496179299292 at 1496179299295
log length before receiving: 0
received message: A | 400000000000000000000000 | 9 | 1496179299324 at 1496179299327
log length before receiving: 1
received message request: collision. 
received message request: no messages provided. 
received message: A | 500000000000000000000000 | 11 | 1496179299402 at 1496179299405
log length before receiving: 0
received message request: returned a message. 
received message request: no messages provided. 
received message request: no messages provided. 
received message request: no messages provided. 
received message request: no messages provided. 
received message request: no messages provided. 
received message request: no messages provided. 
received message request: no messages provided. 
received message request: no messages provided. 
received message request: no messages provided. 
received message request: no messages provided. 
received message request: no messages provided. 
received message request: no messages provided. 
received message request: no messages provided. 
received message request: no messages provided. 
received message request: no messages provided. 
received message request: no messages provided. 
received message request: no messages provided. 
received message request: no messages provided. 
received message request: no messages provided. 
received message request: no messages provided. 
received message request: no messages provided. 
received message request: no messages provided. 
received message request: no messages provided. 
received message request: no messages provided. 
received message request: no messages provided. 
received message request: no messages provided. 
received message: A | 000000000000000000000000 | 1 | 1496179350031 at 1496179350034
log length before receiving: 0
received message request: returned a message. 
received message request: no messages provided. 
received message request: no messages provided. 
received message: A | 100000000000000000000000 | 5 | 1496179350171 at 1496179350174
log length before receiving: 0
received message request: returned a message. 
received message: A | 200000000000000000000000 | 6 | 1496179350202 at 1496179350205
log length before receiving: 0
received message request: returned a message. 
received message request: no messages provided. 
received message: A | 300000000000000000000000 | 8 | 1496179350280 at 1496179350283
log length before receiving: 0
received message request: returned a message. 
received message: A | 400000000000000000000000 | 9 | 1496179350327 at 1496179350330
log length before receiving: 0
received message request: returned a message. 
received message request: no messages provided. 
received message: A | 500000000000000000000000 | 11 | 1496179350405 at 1496179350408
log length before receiving: 0
received message request: returned a message. 
received message request: no messages provided. 
received message request: no messages provided. 
received message request: no messages provided. 
received message request: no messages provided. 
received message request: no messages provided. 
received message request: no messages provided. 
received message: A | 600000000000000000000000 | 18 | 1496179350686 at 1496179350689
log length before receiving: 0
received message request: returned a message. 
received message request: no messages provided. 
received message request: no messages provided. 
received message: A | 700000000000000000000000 | 21 | 1496179350811 at 1496179350814
log length before receiving: 0
received message request: returned a message. 
received message: A | 800000000000000000000000 | 22 | 1496179350842 at 1496179350845
log length before receiving: 0
received message request: returned a message. 
received message request: no messages provided. 
received message request: no messages provided. 
received message: A | 900000000000000000000000 | 25 | 1496179350967 at 1496179350970
log length before receiving: 0
received message request: returned a message. 
received message request: no messages provided. 
received message: A | 100000000000000000000000 | 1 | 1496179351014 at 1496179351014
log length before receiving: 0
received message request: returned a message. 
received message request: no messages provided. 
received message request: no messages provided. 
received message request: no messages provided. 
received message: A | 110000000000000000000000 | 5 | 1496179351170 at 1496179351170
log length before receiving: 0
received message request: returned a message. 
received message: A | 120000000000000000000000 | 6 | 1496179351201 at 1496179351201
log length before receiving: 0
received message request: returned a message. 
received message request: no messages provided. 
received message: A | 130000000000000000000000 | 8 | 1496179351294 at 1496179351294
log length before receiving: 0
received message request: returned a message. 
received message: A | 140000000000000000000000 | 9 | 1496179351326 at 1496179351326
log length before receiving: 0
received message request: returned a message. 
received message request: no messages provided. 
received message: A | 150000000000000000000000 | 11 | 1496179351404 at 1496179351404
log length before receiving: 0
received message request: returned a message. 
received message request: no messages provided. 
received message request: no messages provided. 
received message request: no messages provided. 
received message request: no messages provided. 
received message request: no messages provided. 
received message request: no messages provided. 
received message: A | 160000000000000000000000 | 18 | 1496179351684 at 1496179351684
log length before receiving: 0
received message request: returned a message. 
received message request: no messages provided. 
received message: A | __________INIT__________ | 19 | 1496179351731 at 1496179351731
log length before receiving: 0
received message request: returned a message. 
received message: A | 170000000000000000000000 | 21 | 1496179351809 at 1496179351809
log length before receiving: 0
received message request: returned a message. 
received message: A | 180000000000000000000000 | 22 | 1496179351840 at 1496179351840
log length before receiving: 0
received message request: returned a message. 
received message request: no messages provided. 
received message request: no messages provided. 
received message: A | 190000000000000000000000 | 25 | 1496179351965 at 1496179351965
log length before receiving: 0
received message request: returned a message. 
received message: A | 200000000000000000000000 | 1 | 1496179352012 at 1496179352012
log length before receiving: 0
received message request: returned a message. 
received message request: no messages provided. 
received message request: no messages provided. 
received message request: no messages provided. 
received message: A | 210000000000000000000000 | 5 | 1496179352168 at 1496179352168
log length before receiving: 0
received message request: returned a message. 
received message: A | 220000000000000000000000 | 6 | 1496179352215 at 1496179352215
log length before receiving: 0
received message request: returned a message. 
received message request: no messages provided. 
received message: A | 230000000000000000000000 | 8 | 1496179352293 at 1496179352293
log length before receiving: 0
received message request: returned a message. 
received message: A | 240000000000000000000000 | 9 | 1496179352324 at 1496179352324
log length before receiving: 0
received message request: returned a message. 
received message request: no messages provided. 
received message: A | 250000000000000000000000 | 11 | 1496179352402 at 1496179352402
log length before receiving: 0
received message request: returned a message. 
received message request: no messages provided. 
received message request: no messages provided. 
received message request: no messages provided. 
received message request: no messages provided. 
received message request: no messages provided. 
received message request: no messages provided. 
received message: A | 260000000000000000000000 | 18 | 1496179352683 at 1496179352683
log length before receiving: 0
received message request: returned a message. 
received message request: no messages provided. 
received message: A | __________INIT__________ | 23 | 1496179352730 at 1496179352730
log length before receiving: 0
received message request: returned a message. 
received message: A | 270000000000000000000000 | 21 | 1496179352808 at 1496179352808
log length before receiving: 0
received message request: returned a message. 
received message: A | 280000000000000000000000 | 22 | 1496179352854 at 1496179352854
log length before receiving: 0
received message request: returned a message. 
received message request: no messages provided. 
received message request: no messages provided. 
received message: A | 290000000000000000000000 | 25 | 1496179352964 at 1496179352964
log length before receiving: 0
received message request: returned a message. 
received message: A | 300000000000000000000000 | 1 | 1496179353010 at 1496179353010
log length before receiving: 0
received message request: returned a message. 
received message request: no messages provided. 
received message request: no messages provided. 
received message request: no messages provided. 
received message: A | 310000000000000000000000 | 5 | 1496179353166 at 1496179353166
log length before receiving: 0
received message request: returned a message. 
received message: A | 320000000000000000000000 | 6 | 1496179353213 at 1496179353213
log length before receiving: 0
received message request: returned a message. 
received message request: no messages provided. 
received message: A | 330000000000000000000000 | 8 | 1496179353291 at 1496179353291
log length before receiving: 0
received message request: returned a message. 
received message: A | 340000000000000000000000 | 9 | 1496179353322 at 1496179353322
log length before receiving: 0
received message request: returned a message. 
received message request: no messages provided. 
received message: A | 350000000000000000000000 | 11 | 1496179353400 at 1496179353400
log length before receiving: 0
received message request: returned a message. 
received message request: no messages provided. 
received message request: no messages provided. 
received message request: no messages provided. 
received message request: no messages provided. 
received message request: no messages provided. 
received message request: no messages provided. 
received message: A | 360000000000000000000000 | 18 | 1496179353681 at 1496179353681
log length before receiving: 0
received message request: returned a message. 
received message request: no messages provided. 
received message request: no messages provided. 
received message: A | 370000000000000000000000 | 21 | 1496179353806 at 1496179353806
log length before receiving: 0
received message request: returned a message. 
received message: A | 380000000000000000000000 | 22 | 1496179353853 at 1496179353853
log length before receiving: 0
received message request: returned a message. 
received message request: no messages provided. 
received message: A | __________INIT__________ | 3 | 1496179353884 at 1496179353884
log length before receiving: 0
received message request: returned a message. 
received message: A | 390000000000000000000000 | 25 | 1496179353962 at 1496179353962
log length before receiving: 0
received message request: returned a message. 
received message: A | 400000000000000000000000 | 1 | 1496179354009 at 1496179354009
log length before receiving: 0
received message request: returned a message. 
received message request: no messages provided. 
received message request: no messages provided. 
received message: A | __________INIT__________ | 3 | 1496179354087 at 1496179354087
log length before receiving: 0
received message request: returned a message. 
received message: A | 410000000000000000000000 | 5 | 1496179354165 at 1496179354165
log length before receiving: 0
received message request: returned a message. 
received message: A | 420000000000000000000000 | 6 | 1496179354212 at 1496179354212
log length before receiving: 0
received message request: returned a message. 
received message request: no messages provided. 
received message: A | 430000000000000000000000 | 8 | 1496179354290 at 1496179354290
log length before receiving: 0
received message request: returned a message. 
received message: A | 440000000000000000000000 | 9 | 1496179354321 at 1496179354321
log length before receiving: 0
received message request: returned a message. 
received message request: no messages provided. 
received message: A | 450000000000000000000000 | 11 | 1496179354415 at 1496179354415
log length before receiving: 0
received message request: returned a message. 
received message request: no messages provided. 
received message request: no messages provided. 
received message request: no messages provided. 
received message request: no messages provided. 
received message request: no messages provided. 
received message request: no messages provided. 
received message: A | 460000000000000000000000 | 18 | 1496179354680 at 1496179354680
log length before receiving: 0
received message request: returned a message. 
received message request: no messages provided. 
received message request: no messages provided. 
received message: A | 470000000000000000000000 | 21 | 1496179354805 at 1496179354805
log length before receiving: 0
received message request: returned a message. 
received message: A | 480000000000000000000000 | 22 | 1496179354851 at 1496179354851
log length before receiving: 0
received message request: returned a message. 
received message request: no messages provided. 
received message request: no messages provided. 
received message: A | 490000000000000000000000 | 25 | 1496179354961 at 1496179354961
log length before receiving: 0
received message request: returned a message. 
received message: A | 500000000000000000000000 | 1 | 1496179355007 at 1496179355007
log length before receiving: 0
received message request: returned a message. 
received message request: no messages provided. 
received message request: no messages provided. 
received message: A | __________INIT__________ | 25 | 1496179355085 at 1496179355085
log length before receiving: 0
received message request: returned a message. 
received message: A | 510000000000000000000000 | 5 | 1496179355163 at 1496179355163
log length before receiving: 0
received message request: returned a message. 
received message: A | 520000000000000000000000 | 6 | 1496179355210 at 1496179355210
log length before receiving: 0
received message request: returned a message. 
received message request: no messages provided. 
received message: A | 530000000000000000000000 | 8 | 1496179355288 at 1496179355288
log length before receiving: 0
received message request: returned a message. 
received message: A | 540000000000000000000000 | 9 | 1496179355335 at 1496179355335
log length before receiving: 0
received message request: returned a message. 
received message request: no messages provided. 
received message: A | 550000000000000000000000 | 11 | 1496179355413 at 1496179355413
log length before receiving: 0
received message request: returned a message. 
received message request: no messages provided. 
received message request: no messages provided. 
received message request: no messages provided. 
received message request: no messages provided. 
received message request: no messages provided. 
received message request: no messages provided. 
received message: A | 560000000000000000000000 | 18 | 1496179355694 at 1496179355694
log length before receiving: 0
received message request: returned a message. 
received message request: no messages provided. 
received message request: no messages provided. 
received message: A | 570000000000000000000000 | 21 | 1496179355803 at 1496179355803
log length before receiving: 0
received message request: returned a message. 
received message: A | 580000000000000000000000 | 22 | 1496179355850 at 1496179355850
log length before receiving: 0
received message request: returned a message. 
received message request: no messages provided. 
received message request: no messages provided. 
received message: A | 590000000000000000000000 | 25 | 1496179355975 at 1496179355975
log length before receiving: 0
received message request: returned a message. 
received message: A | 600000000000000000000000 | 1 | 1496179356006 at 1496179356006
log length before receiving: 0
received message request: returned a message. 
received message request: no messages provided. 
received message request: no messages provided. 
received message request: no messages provided. 
received message: A | 610000000000000000000000 | 5 | 1496179356162 at 1496179356162
log length before receiving: 0
received message request: returned a message. 
received message: A | 620000000000000000000000 | 6 | 1496179356209 at 1496179356209
log length before receiving: 0
received message request: returned a message. 
received message request: no messages provided. 
received message: A | 630000000000000000000000 | 8 | 1496179356287 at 1496179356287
log length before receiving: 0
received message request: returned a message. 
received message: A | 640000000000000000000000 | 9 | 1496179356333 at 1496179356333
log length before receiving: 0
received message request: returned a message. 
received message request: no messages provided. 
received message: A | 650000000000000000000000 | 11 | 1496179356411 at 1496179356411
log length before receiving: 0
received message request: returned a message. 
received message request: no messages provided. 
received message request: no messages provided. 
received message request: no messages provided. 
received message request: no messages provided. 
received message request: no messages provided. 
received message request: no messages provided. 
received message: A | 660000000000000000000000 | 18 | 1496179356692 at 1496179356692
log length before receiving: 0
received message request: returned a message. 
received message request: no messages provided. 
received message request: no messages provided. 
received message: A | 670000000000000000000000 | 21 | 1496179356801 at 1496179356801
log length before receiving: 0
received message request: returned a message. 
received message: A | 680000000000000000000000 | 22 | 1496179356848 at 1496179356848
log length before receiving: 0
received message request: returned a message. 
received message request: no messages provided. 
received message request: no messages provided. 
received message: A | 690000000000000000000000 | 25 | 1496179356973 at 1496179356973
log length before receiving: 0
received message request: returned a message. 
received message: A | __________INIT__________ | 19 | 1496179356973 at 1496179356973
log length before receiving: 0
received message: A | 700000000000000000000000 | 1 | 1496179357004 at 1496179357004
log length before receiving: 1
received message request: collision. 
received message request: no messages provided. 
received message request: no messages provided. 
received message request: no messages provided. 
received message: A | 710000000000000000000000 | 5 | 1496179357160 at 1496179357160
log length before receiving: 0
received message request: returned a message. 
received message: A | 720000000000000000000000 | 6 | 1496179357207 at 1496179357207
log length before receiving: 0
received message request: returned a message. 
received message request: no messages provided. 
received message: A | 730000000000000000000000 | 8 | 1496179357285 at 1496179357285
log length before receiving: 0
received message request: returned a message. 
received message: A | 740000000000000000000000 | 9 | 1496179357332 at 1496179357332
log length before receiving: 0
received message request: returned a message. 
received message request: no messages provided. 
received message: A | 750000000000000000000000 | 11 | 1496179357410 at 1496179357410
log length before receiving: 0
received message request: returned a message. 
received message request: no messages provided. 
received message request: no messages provided. 
received message request: no messages provided. 
received message request: no messages provided. 
received message request: no messages provided. 
received message request: no messages provided. 
received message: A | 760000000000000000000000 | 18 | 1496179357691 at 1496179357691
log length before receiving: 0
received message request: returned a message. 
received message request: no messages provided. 
received message: A | __________INIT__________ | 25 | 1496179357722 at 1496179357722
log length before receiving: 0
received message request: returned a message. 
received message: A | 770000000000000000000000 | 21 | 1496179357800 at 1496179357800
log length before receiving: 0
received message request: returned a message. 
received message: A | 780000000000000000000000 | 22 | 1496179357847 at 1496179357847
log length before receiving: 0
received message request: returned a message. 
received message request: no messages provided. 
received message request: no messages provided. 
received message: A | 790000000000000000000000 | 25 | 1496179357971 at 1496179357971
log length before receiving: 0
received message request: returned a message. 
received message: A | 800000000000000000000000 | 1 | 1496179358003 at 1496179358003
log length before receiving: 0
received message request: returned a message. 
received message request: no messages provided. 
received message request: no messages provided. 
received message request: no messages provided. 
received message: A | 810000000000000000000000 | 5 | 1496179358174 at 1496179358174
log length before receiving: 0
received message request: returned a message. 
received message: A | 820000000000000000000000 | 6 | 1496179358205 at 1496179358205
log length before receiving: 0
received message request: returned a message. 
received message request: no messages provided. 
received message: A | 830000000000000000000000 | 8 | 1496179358283 at 1496179358283
log length before receiving: 0
received message request: returned a message. 
received message: A | 840000000000000000000000 | 9 | 1496179358330 at 1496179358330
log length before receiving: 0
received message request: returned a message. 
received message request: no messages provided. 
received message: A | 850000000000000000000000 | 11 | 1496179358408 at 1496179358408
log length before receiving: 0
received message request: returned a message. 
received message request: no messages provided. 
received message request: no messages provided. 
received message request: no messages provided. 
received message request: no messages provided. 
received message request: no messages provided. 
received message request: no messages provided. 
received message: A | 860000000000000000000000 | 18 | 1496179358689 at 1496179358689
log length before receiving: 0
received message request: returned a message. 
received message request: no messages provided. 
received message request: no messages provided. 
received message: A | 870000000000000000000000 | 21 | 1496179358814 at 1496179358814
log length before receiving: 0
received message request: returned a message. 
received message: A | 880000000000000000000000 | 22 | 1496179358845 at 1496179358845
log length before receiving: 0
received message request: returned a message. 
received message request: no messages provided. 
received message request: no messages provided. 
received message: A | 890000000000000000000000 | 25 | 1496179358970 at 1496179358970
log length before receiving: 0
received message request: returned a message. 
received message: A | __________INIT__________ | 17 | 1496179358970 at 1496179358970
log length before receiving: 0
received message: A | 900000000000000000000000 | 1 | 1496179359001 at 1496179359001
log length before receiving: 1
received message request: collision. 
received message request: no messages provided. 
received message request: no messages provided. 
received message request: no messages provided. 
received message: A | 910000000000000000000000 | 5 | 1496179359173 at 1496179359173
log length before receiving: 0
received message request: returned a message. 
received message: A | 920000000000000000000000 | 6 | 1496179359204 at 1496179359204
log length before receiving: 0
received message request: returned a message. 
received message request: no messages provided. 
received message: A | 930000000000000000000000 | 8 | 1496179359282 at 1496179359282
log length before receiving: 0
received message request: returned a message. 
received message: A | 940000000000000000000000 | 9 | 1496179359329 at 1496179359329
log length before receiving: 0
received message request: returned a message. 
received message request: no messages provided. 
received message: A | 950000000000000000000000 | 11 | 1496179359407 at 1496179359407
log length before receiving: 0
received message request: returned a message. 
received message request: no messages provided. 
received message request: no messages provided. 
received message request: no messages provided. 
received message request: no messages provided. 
received message request: no messages provided. 
received message request: no messages provided. 
received message: A | __________INIT__________ | 3 | 1496179359641 at 1496179359641
log length before receiving: 0
received message: A | 960000000000000000000000 | 18 | 1496179359687 at 1496179359687
log length before receiving: 1
received message request: collision. 
received message request: no messages provided. 
received message request: no messages provided. 
received message: A | 970000000000000000000000 | 21 | 1496179359812 at 1496179359812
log length before receiving: 0
received message request: returned a message. 
received message: A | 980000000000000000000000 | 22 | 1496179359843 at 1496179359843
log length before receiving: 0
received message request: returned a message. 
received message request: no messages provided. 
received message request: no messages provided. 
received message: A | 990000000000000000000000 | 25 | 1496179359968 at 1496179359968
log length before receiving: 0
received message request: returned a message. 
received message: A | 100000000000000000000000 | 1 | 1496179360015 at 1496179360015
log length before receiving: 0
received message request: returned a message. 
received message request: no messages provided. 
received message request: no messages provided. 
received message: A | __________INIT__________ | 6 | 1496179360093 at 1496179360093
log length before receiving: 0
received message request: returned a message. 
received message: A | 101000000000000000000000 | 5 | 1496179360171 at 1496179360171
log length before receiving: 0
received message request: returned a message. 
received message: A | 102000000000000000000000 | 6 | 1496179360202 at 1496179360202
log length before receiving: 0
received message request: returned a message. 
received message request: no messages provided. 
received message: A | 103000000000000000000000 | 8 | 1496179360280 at 1496179360280
log length before receiving: 0
received message request: returned a message. 
received message: A | 104000000000000000000000 | 9 | 1496179360327 at 1496179360327
log length before receiving: 0
received message request: returned a message. 
received message request: no messages provided. 
received message: A | 105000000000000000000000 | 11 | 1496179360405 at 1496179360405
log length before receiving: 0
received message request: returned a message. 
received message request: no messages provided. 
received message request: no messages provided. 
received message request: no messages provided. 
received message request: no messages provided. 
received message request: no messages provided. 
received message request: no messages provided. 
received message: A | 106000000000000000000000 | 18 | 1496179360686 at 1496179360686
log length before receiving: 0
received message request: returned a message. 
received message request: no messages provided. 
received message request: no messages provided. 
