Sender started
received send
received data
received slot
received time
created packet
Sender started
Sender started
Sender started
received send
received data
received slot
received time
created packet
new message sent; Time:1496179351731; Reservation: 19.
received send
received data
received slot
received time
created packet
new message sent; Time:1496179352730; Reservation: 23.
received send
received data
received slot
received time
created packet
new message sent; Time:1496179353884; Reservation: 3.
received send
received data
received slot
received time
created packet
new message sent; Time:1496179354087; Reservation: 3.
received send
received data
received slot
received time
created packet
new message sent; Time:1496179355085; Reservation: 25.
received send
received data
received slot
received time
created packet
new message sent; Time:1496179356973; Reservation: 19.
received send
received data
received slot
received time
created packet
new message sent; Time:1496179357722; Reservation: 25.
received send
received data
received slot
received time
created packet
new message sent; Time:1496179358970; Reservation: 17.
received send
received data
received slot
received time
created packet
new message sent; Time:1496179359641; Reservation: 3.
received send
received data
received slot
received time
created packet
new message sent; Time:1496179360093; Reservation: 6.
