Sent current time to <0.55.0>
Sent current time to <0.55.0>
Sent current time to <0.55.0>
Sent current time to <0.55.0>
Sent current time to <0.55.0>
Sent current time to <0.55.0>
Sent current time to <0.55.0>
Sent current time to <0.55.0>
Sent current time to <0.55.0>
Sent current time to <0.55.0>
Sent current time to <0.55.0>
Sent current time to <0.55.0>
Sent current time to <0.55.0>
Sent current time to <0.55.0>
Sent current time to <0.55.0>
Sent current time to <0.55.0>
Sent current time to <0.55.0>
Sent current time to <0.55.0>
Sent current time to <0.55.0>
Sent current time to <0.55.0>
Sent current time to <0.55.0>
Sent current time to <0.55.0>
Sent current time to <0.55.0>
Sent current time to <0.55.0>
Sent current time to <0.55.0>
Sent current time to <0.55.0>
Sent current time to <0.55.0>
Sent current time to <0.55.0>
Sent current time to <0.55.0>
Sent current time to <0.55.0>
Sent current time to <0.55.0>
Sent current time to <0.55.0>
Sent current time to <0.55.0>
Sent current time to <0.55.0>
Sent current time to <0.55.0>
Sent current time to <0.55.0>
Sent current time to <0.55.0>
Sent current time to <0.55.0>
Sent current time to <0.55.0>
Sent current time to <0.55.0>
Sent current time to <0.55.0>
Sent current time to <0.55.0>
Sent current time to <0.55.0>
Sent current time to <0.55.0>
Sent current time to <0.55.0>
Sent current time to <0.55.0>
Sent current time to <0.55.0>
Sent current time to <0.55.0>
Sent current time to <0.55.0>
Sent current time to <0.55.0>
Sent current time to <0.55.0>
Sent current time to <0.55.0>
Sent current time to <0.55.0>
Sent current time to <0.55.0>
Sent current time to <0.55.0>
Sent current time to <0.55.0>
Sent current time to <0.55.0>
Sent current time to <0.55.0>
Sent current time to <0.55.0>
Sent current time to <0.55.0>
Sent current time to <0.55.0>
Sent current time to <0.55.0>
Sent current time to <0.55.0>
Sent current time to <0.55.0>
Sent current time to <0.55.0>
Sent current time to <0.55.0>
Sent current time to <0.55.0>
Sent current time to <0.55.0>
Sent current time to <0.55.0>
Sent current time to <0.55.0>
Sent current time to <0.55.0>
Sent current time to <0.55.0>
Sent current time to <0.55.0>
Sent current time to <0.55.0>
Sent current time to <0.55.0>
Sent current time to <0.55.0>
Sent current time to <0.55.0>
Sent current time to <0.55.0>
Sent current time to <0.55.0>
Sent current time to <0.55.0>
Sent current time to <0.55.0>
Sent current time to <0.55.0>
Sent current time to <0.83.0>
Sent current time to <0.55.0>
Sent current time to <0.55.0>
Sent current time to <0.55.0>
Sent current time to <0.55.0>
Sent current time to <0.55.0>
Sent current time to <0.55.0>
Sent current time to <0.55.0>
Sent current time to <0.55.0>
Sent current time to <0.55.0>
Sent current time to <0.55.0>
Sent current time to <0.55.0>
Sent current time to <0.55.0>
Sent current time to <0.55.0>
Sent current time to <0.55.0>
Sent current time to <0.55.0>
Sent current time to <0.55.0>
Sent current time to <0.55.0>
Sent current time to <0.55.0>
Sent current time to <0.55.0>
Sent current time to <0.55.0>
Sent current time to <0.55.0>
Sent current time to <0.55.0>
Sent current time to <0.55.0>
Sent current time to <0.55.0>
Sent current time to <0.55.0>
Sent current time to <0.55.0>
Sent current time to <0.55.0>
Sent current time to <0.55.0>
Sent current time to <0.55.0>
Sent current time to <0.55.0>
Sent current time to <0.55.0>
Sent current time to <0.55.0>
Sent current time to <0.55.0>
Sent current time to <0.55.0>
Sent current time to <0.55.0>
Sent current time to <0.55.0>
Sent current time to <0.60.0>
Sent current time to <0.55.0>
Received Timestamp 1496179299027 with offset -3
Sent current time to <0.55.0>
Sent current time to <0.55.0>
Sent current time to <0.55.0>
Sent current time to <0.55.0>
Sent current time to <0.55.0>
Sent current time to <0.55.0>
Sent current time to <0.60.0>
Received Timestamp 1496179299168 with offset -3
Sent current time to <0.55.0>
Sent current time to <0.55.0>
Sent current time to <0.55.0>
Sent current time to <0.60.0>
Sent current time to <0.55.0>
Received Timestamp 1496179299214 with offset -3
Sent current time to <0.55.0>
Sent current time to <0.55.0>
Sent current time to <0.55.0>
Sent current time to <0.60.0>
Sent current time to <0.55.0>
Sent current time to <0.60.0>
Sent current time to <0.55.0>
Sent current time to <0.55.0>
Sent current time to <0.55.0>
Sent current time to <0.55.0>
Sent current time to <0.60.0>
Received Timestamp 1496179299402 with offset -3
Sent current time to <0.55.0>
Sent current time to <0.55.0>
Sent current time to <0.55.0>
Sent current time to <0.55.0>
Sent current time to <0.55.0>
Sent current time to <0.55.0>
Sent current time to <0.55.0>
Sent current time to <0.55.0>
Sent current time to <0.55.0>
Sent current time to <0.55.0>
Sent current time to <0.55.0>
Sent current time to <0.55.0>
Sent current time to <0.55.0>
Sent current time to <0.55.0>
Sent current time to <0.55.0>
Sent current time to <0.55.0>
Sent current time to <0.55.0>
Sent current time to <0.55.0>
Sent current time to <0.55.0>
Sent current time to <0.55.0>
Sent current time to <0.55.0>
Sent current time to <0.55.0>
Sent current time to <0.55.0>
Sent current time to <0.55.0>
Sent current time to <0.55.0>
Sent current time to <0.55.0>
Sent current time to <0.55.0>
Sent current time to <0.55.0>
Sent current time to <0.55.0>
Sent current time to <0.55.0>
Sent current time to <0.55.0>
Sent current time to <0.55.0>
Sent current time to <0.55.0>
Sent current time to <0.55.0>
Sent current time to <0.55.0>
Sent current time to <0.55.0>
Sent current time to <0.55.0>
Sent current time to <0.55.0>
Sent current time to <0.55.0>
Sent current time to <0.55.0>
Sent current time to <0.55.0>
Sent current time to <0.55.0>
Sent current time to <0.55.0>
Sent current time to <0.55.0>
Sent current time to <0.55.0>
Sent current time to <0.55.0>
Sent current time to <0.55.0>
Sent current time to <0.55.0>
Sent current time to <0.55.0>
Sent current time to <0.55.0>
Sent current time to <0.55.0>
Sent current time to <0.55.0>
Sent current time to <0.55.0>
Sent current time to <0.55.0>
Sent current time to <0.82.0>
Sent current time to <0.55.0>
Received Timestamp 1496179350031 with offset -3
Sent current time to <0.55.0>
Sent current time to <0.55.0>
Sent current time to <0.55.0>
Sent current time to <0.55.0>
Sent current time to <0.55.0>
Sent current time to <0.55.0>
Sent current time to <0.82.0>
Received Timestamp 1496179350171 with offset -3
Sent current time to <0.55.0>
Sent current time to <0.55.0>
Sent current time to <0.82.0>
Received Timestamp 1496179350202 with offset -3
Sent current time to <0.55.0>
Sent current time to <0.55.0>
Sent current time to <0.55.0>
Sent current time to <0.55.0>
Sent current time to <0.82.0>
Received Timestamp 1496179350280 with offset -3
Sent current time to <0.55.0>
Sent current time to <0.55.0>
Sent current time to <0.82.0>
Received Timestamp 1496179350327 with offset -3
Sent current time to <0.55.0>
Sent current time to <0.55.0>
Sent current time to <0.55.0>
Sent current time to <0.55.0>
Sent current time to <0.82.0>
Received Timestamp 1496179350405 with offset -3
Sent current time to <0.55.0>
Sent current time to <0.55.0>
Sent current time to <0.55.0>
Sent current time to <0.55.0>
Sent current time to <0.55.0>
Sent current time to <0.55.0>
Sent current time to <0.55.0>
Sent current time to <0.55.0>
Sent current time to <0.55.0>
Sent current time to <0.55.0>
Sent current time to <0.55.0>
Sent current time to <0.55.0>
Sent current time to <0.55.0>
Sent current time to <0.55.0>
Sent current time to <0.82.0>
Received Timestamp 1496179350686 with offset -3
Sent current time to <0.55.0>
Sent current time to <0.55.0>
Sent current time to <0.55.0>
Sent current time to <0.55.0>
Sent current time to <0.55.0>
Sent current time to <0.55.0>
Sent current time to <0.82.0>
Received Timestamp 1496179350811 with offset -3
Sent current time to <0.55.0>
Sent current time to <0.55.0>
Sent current time to <0.82.0>
Received Timestamp 1496179350842 with offset -3
Sent current time to <0.55.0>
Sent current time to <0.55.0>
Sent current time to <0.55.0>
Sent current time to <0.55.0>
Sent current time to <0.55.0>
Sent current time to <0.55.0>
Sent current time to <0.82.0>
Received Timestamp 1496179350967 with offset -3
Sent current time to <0.55.0>
Sent current time to <0.55.0>
Syncing time with offset -3
Sent current time to <0.55.0>
Sent current time to <0.55.0>
Sent current time to <0.82.0>
Received Timestamp 1496179351014 with offset 0
Syncing time with offset 0
Sent current time to <0.55.0>
Sent current time to <0.55.0>
Sent current time to <0.55.0>
Sent current time to <0.55.0>
Sent current time to <0.55.0>
Sent current time to <0.55.0>
Sent current time to <0.55.0>
Sent current time to <0.55.0>
Sent current time to <0.82.0>
Received Timestamp 1496179351170 with offset 0
Sent current time to <0.55.0>
Sent current time to <0.55.0>
Sent current time to <0.82.0>
Received Timestamp 1496179351201 with offset 0
Sent current time to <0.55.0>
Sent current time to <0.55.0>
Sent current time to <0.55.0>
Sent current time to <0.55.0>
Sent current time to <0.82.0>
Received Timestamp 1496179351294 with offset 0
Sent current time to <0.55.0>
Sent current time to <0.55.0>
Sent current time to <0.82.0>
Received Timestamp 1496179351326 with offset 0
Sent current time to <0.55.0>
Sent current time to <0.55.0>
Sent current time to <0.55.0>
Sent current time to <0.55.0>
Sent current time to <0.82.0>
Received Timestamp 1496179351404 with offset 0
Sent current time to <0.55.0>
Sent current time to <0.55.0>
Sent current time to <0.55.0>
Sent current time to <0.55.0>
Sent current time to <0.55.0>
Sent current time to <0.55.0>
Sent current time to <0.55.0>
Sent current time to <0.55.0>
Sent current time to <0.55.0>
Sent current time to <0.55.0>
Sent current time to <0.55.0>
Sent current time to <0.55.0>
Sent current time to <0.55.0>
Sent current time to <0.55.0>
Sent current time to <0.82.0>
Received Timestamp 1496179351684 with offset 0
Sent current time to <0.55.0>
Sent current time to <0.55.0>
Sent current time to <0.85.0>
Sent current time to <0.55.0>
Sent current time to <0.82.0>
Sent current time to <0.55.0>
Received Timestamp 1496179351731 with offset 0
Sent current time to <0.55.0>
Sent current time to <0.55.0>
Sent current time to <0.82.0>
Received Timestamp 1496179351809 with offset 0
Sent current time to <0.55.0>
Sent current time to <0.55.0>
Sent current time to <0.82.0>
Received Timestamp 1496179351840 with offset 0
Sent current time to <0.55.0>
Sent current time to <0.55.0>
Sent current time to <0.55.0>
Sent current time to <0.55.0>
Sent current time to <0.55.0>
Sent current time to <0.55.0>
Sent current time to <0.82.0>
Received Timestamp 1496179351965 with offset 0
Sent current time to <0.55.0>
Sent current time to <0.55.0>
Sent current time to <0.82.0>
Received Timestamp 1496179352012 with offset 0
Syncing time with offset 0
Sent current time to <0.55.0>
Sent current time to <0.55.0>
Sent current time to <0.55.0>
Sent current time to <0.55.0>
Sent current time to <0.55.0>
Sent current time to <0.55.0>
Sent current time to <0.55.0>
Sent current time to <0.55.0>
Sent current time to <0.82.0>
Received Timestamp 1496179352168 with offset 0
Sent current time to <0.55.0>
Sent current time to <0.55.0>
Sent current time to <0.82.0>
Received Timestamp 1496179352215 with offset 0
Sent current time to <0.55.0>
Sent current time to <0.55.0>
Sent current time to <0.55.0>
Sent current time to <0.55.0>
Sent current time to <0.82.0>
Received Timestamp 1496179352293 with offset 0
Sent current time to <0.55.0>
Sent current time to <0.55.0>
Sent current time to <0.82.0>
Received Timestamp 1496179352324 with offset 0
Sent current time to <0.55.0>
Sent current time to <0.55.0>
Sent current time to <0.55.0>
Sent current time to <0.55.0>
Sent current time to <0.82.0>
Received Timestamp 1496179352402 with offset 0
Sent current time to <0.55.0>
Sent current time to <0.55.0>
Sent current time to <0.55.0>
Sent current time to <0.55.0>
Sent current time to <0.55.0>
Sent current time to <0.55.0>
Sent current time to <0.55.0>
Sent current time to <0.55.0>
Sent current time to <0.55.0>
Sent current time to <0.55.0>
Sent current time to <0.55.0>
Sent current time to <0.55.0>
Sent current time to <0.55.0>
Sent current time to <0.55.0>
Sent current time to <0.82.0>
Received Timestamp 1496179352683 with offset 0
Sent current time to <0.55.0>
Sent current time to <0.55.0>
Sent current time to <0.85.0>
Sent current time to <0.55.0>
Sent current time to <0.82.0>
Sent current time to <0.55.0>
Received Timestamp 1496179352730 with offset 0
Sent current time to <0.55.0>
Sent current time to <0.55.0>
Sent current time to <0.82.0>
Received Timestamp 1496179352808 with offset 0
Sent current time to <0.55.0>
Sent current time to <0.55.0>
Sent current time to <0.82.0>
Received Timestamp 1496179352854 with offset 0
Sent current time to <0.55.0>
Sent current time to <0.55.0>
Sent current time to <0.55.0>
Sent current time to <0.55.0>
Sent current time to <0.55.0>
Sent current time to <0.55.0>
Sent current time to <0.82.0>
Received Timestamp 1496179352964 with offset 0
Sent current time to <0.55.0>
Sent current time to <0.55.0>
Sent current time to <0.82.0>
Received Timestamp 1496179353010 with offset 0
Syncing time with offset 0
Sent current time to <0.55.0>
Sent current time to <0.55.0>
Sent current time to <0.55.0>
Sent current time to <0.55.0>
Sent current time to <0.55.0>
Sent current time to <0.55.0>
Sent current time to <0.55.0>
Sent current time to <0.55.0>
Sent current time to <0.82.0>
Received Timestamp 1496179353166 with offset 0
Sent current time to <0.55.0>
Sent current time to <0.55.0>
Sent current time to <0.82.0>
Received Timestamp 1496179353213 with offset 0
Sent current time to <0.55.0>
Sent current time to <0.55.0>
Sent current time to <0.55.0>
Sent current time to <0.55.0>
Sent current time to <0.82.0>
Received Timestamp 1496179353291 with offset 0
Sent current time to <0.55.0>
Sent current time to <0.55.0>
Sent current time to <0.82.0>
Received Timestamp 1496179353322 with offset 0
Sent current time to <0.55.0>
Sent current time to <0.55.0>
Sent current time to <0.55.0>
Sent current time to <0.55.0>
Sent current time to <0.82.0>
Received Timestamp 1496179353400 with offset 0
Sent current time to <0.55.0>
Sent current time to <0.55.0>
Sent current time to <0.55.0>
Sent current time to <0.55.0>
Sent current time to <0.55.0>
Sent current time to <0.55.0>
Sent current time to <0.55.0>
Sent current time to <0.55.0>
Sent current time to <0.55.0>
Sent current time to <0.55.0>
Sent current time to <0.55.0>
Sent current time to <0.55.0>
Sent current time to <0.55.0>
Sent current time to <0.55.0>
Sent current time to <0.82.0>
Received Timestamp 1496179353681 with offset 0
Sent current time to <0.55.0>
Sent current time to <0.55.0>
Sent current time to <0.55.0>
Sent current time to <0.55.0>
Sent current time to <0.55.0>
Sent current time to <0.55.0>
Sent current time to <0.82.0>
Received Timestamp 1496179353806 with offset 0
Sent current time to <0.55.0>
Sent current time to <0.55.0>
Sent current time to <0.82.0>
Received Timestamp 1496179353853 with offset 0
Sent current time to <0.55.0>
Sent current time to <0.55.0>
Sent current time to <0.85.0>
Sent current time to <0.55.0>
Sent current time to <0.82.0>
Sent current time to <0.55.0>
Received Timestamp 1496179353884 with offset 0
Sent current time to <0.55.0>
Sent current time to <0.55.0>
Sent current time to <0.82.0>
Received Timestamp 1496179353962 with offset 0
Sent current time to <0.55.0>
Sent current time to <0.55.0>
Sent current time to <0.82.0>
Received Timestamp 1496179354009 with offset 0
Syncing time with offset 0
Sent current time to <0.55.0>
Sent current time to <0.55.0>
Sent current time to <0.55.0>
Sent current time to <0.55.0>
Sent current time to <0.85.0>
Sent current time to <0.55.0>
Sent current time to <0.82.0>
Sent current time to <0.55.0>
Received Timestamp 1496179354087 with offset 0
Sent current time to <0.55.0>
Sent current time to <0.55.0>
Sent current time to <0.82.0>
Received Timestamp 1496179354165 with offset 0
Sent current time to <0.55.0>
Sent current time to <0.55.0>
Sent current time to <0.82.0>
Received Timestamp 1496179354212 with offset 0
Sent current time to <0.55.0>
Sent current time to <0.55.0>
Sent current time to <0.55.0>
Sent current time to <0.55.0>
Sent current time to <0.82.0>
Received Timestamp 1496179354290 with offset 0
Sent current time to <0.55.0>
Sent current time to <0.55.0>
Sent current time to <0.82.0>
Received Timestamp 1496179354321 with offset 0
Sent current time to <0.55.0>
Sent current time to <0.55.0>
Sent current time to <0.55.0>
Sent current time to <0.55.0>
Sent current time to <0.82.0>
Received Timestamp 1496179354415 with offset 0
Sent current time to <0.55.0>
Sent current time to <0.55.0>
Sent current time to <0.55.0>
Sent current time to <0.55.0>
Sent current time to <0.55.0>
Sent current time to <0.55.0>
Sent current time to <0.55.0>
Sent current time to <0.55.0>
Sent current time to <0.55.0>
Sent current time to <0.55.0>
Sent current time to <0.55.0>
Sent current time to <0.55.0>
Sent current time to <0.55.0>
Sent current time to <0.55.0>
Sent current time to <0.82.0>
Received Timestamp 1496179354680 with offset 0
Sent current time to <0.55.0>
Sent current time to <0.55.0>
Sent current time to <0.55.0>
Sent current time to <0.55.0>
Sent current time to <0.55.0>
Sent current time to <0.55.0>
Sent current time to <0.82.0>
Received Timestamp 1496179354805 with offset 0
Sent current time to <0.55.0>
Sent current time to <0.55.0>
Sent current time to <0.82.0>
Received Timestamp 1496179354851 with offset 0
Sent current time to <0.55.0>
Sent current time to <0.55.0>
Sent current time to <0.55.0>
Sent current time to <0.55.0>
Sent current time to <0.55.0>
Sent current time to <0.55.0>
Sent current time to <0.82.0>
Received Timestamp 1496179354961 with offset 0
Sent current time to <0.55.0>
Sent current time to <0.55.0>
Sent current time to <0.82.0>
Received Timestamp 1496179355007 with offset 0
Syncing time with offset 0
Sent current time to <0.55.0>
Sent current time to <0.55.0>
Sent current time to <0.55.0>
Sent current time to <0.55.0>
Sent current time to <0.85.0>
Sent current time to <0.55.0>
Sent current time to <0.82.0>
Sent current time to <0.55.0>
Received Timestamp 1496179355085 with offset 0
Sent current time to <0.55.0>
Sent current time to <0.55.0>
Sent current time to <0.82.0>
Received Timestamp 1496179355163 with offset 0
Sent current time to <0.55.0>
Sent current time to <0.55.0>
Sent current time to <0.82.0>
Received Timestamp 1496179355210 with offset 0
Sent current time to <0.55.0>
Sent current time to <0.55.0>
Sent current time to <0.55.0>
Sent current time to <0.55.0>
Sent current time to <0.82.0>
Received Timestamp 1496179355288 with offset 0
Sent current time to <0.55.0>
Sent current time to <0.55.0>
Sent current time to <0.82.0>
Received Timestamp 1496179355335 with offset 0
Sent current time to <0.55.0>
Sent current time to <0.55.0>
Sent current time to <0.55.0>
Sent current time to <0.55.0>
Sent current time to <0.82.0>
Received Timestamp 1496179355413 with offset 0
Sent current time to <0.55.0>
Sent current time to <0.55.0>
Sent current time to <0.55.0>
Sent current time to <0.55.0>
Sent current time to <0.55.0>
Sent current time to <0.55.0>
Sent current time to <0.55.0>
Sent current time to <0.55.0>
Sent current time to <0.55.0>
Sent current time to <0.55.0>
Sent current time to <0.55.0>
Sent current time to <0.55.0>
Sent current time to <0.55.0>
Sent current time to <0.55.0>
Sent current time to <0.82.0>
Received Timestamp 1496179355694 with offset 0
Sent current time to <0.55.0>
Sent current time to <0.55.0>
Sent current time to <0.55.0>
Sent current time to <0.55.0>
Sent current time to <0.55.0>
Sent current time to <0.55.0>
Sent current time to <0.82.0>
Received Timestamp 1496179355803 with offset 0
Sent current time to <0.55.0>
Sent current time to <0.55.0>
Sent current time to <0.82.0>
Received Timestamp 1496179355850 with offset 0
Sent current time to <0.55.0>
Sent current time to <0.55.0>
Sent current time to <0.55.0>
Sent current time to <0.55.0>
Sent current time to <0.55.0>
Sent current time to <0.55.0>
Sent current time to <0.82.0>
Received Timestamp 1496179355975 with offset 0
Sent current time to <0.55.0>
Sent current time to <0.55.0>
Sent current time to <0.82.0>
Received Timestamp 1496179356006 with offset 0
Syncing time with offset 0
Sent current time to <0.55.0>
Sent current time to <0.55.0>
Sent current time to <0.55.0>
Sent current time to <0.55.0>
Sent current time to <0.55.0>
Sent current time to <0.55.0>
Sent current time to <0.55.0>
Sent current time to <0.55.0>
Sent current time to <0.82.0>
Received Timestamp 1496179356162 with offset 0
Sent current time to <0.55.0>
Sent current time to <0.55.0>
Sent current time to <0.82.0>
Received Timestamp 1496179356209 with offset 0
Sent current time to <0.55.0>
Sent current time to <0.55.0>
Sent current time to <0.55.0>
Sent current time to <0.55.0>
Sent current time to <0.82.0>
Received Timestamp 1496179356287 with offset 0
Sent current time to <0.55.0>
Sent current time to <0.55.0>
Sent current time to <0.82.0>
Received Timestamp 1496179356333 with offset 0
Sent current time to <0.55.0>
Sent current time to <0.55.0>
Sent current time to <0.55.0>
Sent current time to <0.55.0>
Sent current time to <0.82.0>
Received Timestamp 1496179356411 with offset 0
Sent current time to <0.55.0>
Sent current time to <0.55.0>
Sent current time to <0.55.0>
Sent current time to <0.55.0>
Sent current time to <0.55.0>
Sent current time to <0.55.0>
Sent current time to <0.55.0>
Sent current time to <0.55.0>
Sent current time to <0.55.0>
Sent current time to <0.55.0>
Sent current time to <0.55.0>
Sent current time to <0.55.0>
Sent current time to <0.55.0>
Sent current time to <0.55.0>
Sent current time to <0.82.0>
Received Timestamp 1496179356692 with offset 0
Sent current time to <0.55.0>
Sent current time to <0.55.0>
Sent current time to <0.55.0>
Sent current time to <0.55.0>
Sent current time to <0.55.0>
Sent current time to <0.55.0>
Sent current time to <0.82.0>
Received Timestamp 1496179356801 with offset 0
Sent current time to <0.55.0>
Sent current time to <0.55.0>
Sent current time to <0.82.0>
Received Timestamp 1496179356848 with offset 0
Sent current time to <0.55.0>
Sent current time to <0.55.0>
Sent current time to <0.55.0>
Sent current time to <0.55.0>
Sent current time to <0.55.0>
Sent current time to <0.55.0>
Sent current time to <0.82.0>
Received Timestamp 1496179356973 with offset 0
Sent current time to <0.85.0>
Sent current time to <0.55.0>
Sent current time to <0.82.0>
Sent current time to <0.55.0>
Sent current time to <0.82.0>
Syncing time with offset 0
Sent current time to <0.55.0>
Sent current time to <0.55.0>
Sent current time to <0.55.0>
Sent current time to <0.55.0>
Sent current time to <0.55.0>
Sent current time to <0.55.0>
Sent current time to <0.55.0>
Sent current time to <0.55.0>
Sent current time to <0.82.0>
Received Timestamp 1496179357160 with offset 0
Sent current time to <0.55.0>
Sent current time to <0.55.0>
Sent current time to <0.82.0>
Received Timestamp 1496179357207 with offset 0
Sent current time to <0.55.0>
Sent current time to <0.55.0>
Sent current time to <0.55.0>
Sent current time to <0.55.0>
Sent current time to <0.82.0>
Received Timestamp 1496179357285 with offset 0
Sent current time to <0.55.0>
Sent current time to <0.55.0>
Sent current time to <0.82.0>
Received Timestamp 1496179357332 with offset 0
Sent current time to <0.55.0>
Sent current time to <0.55.0>
Sent current time to <0.55.0>
Sent current time to <0.55.0>
Sent current time to <0.82.0>
Received Timestamp 1496179357410 with offset 0
Sent current time to <0.55.0>
Sent current time to <0.55.0>
Sent current time to <0.55.0>
Sent current time to <0.55.0>
Sent current time to <0.55.0>
Sent current time to <0.55.0>
Sent current time to <0.55.0>
Sent current time to <0.55.0>
Sent current time to <0.55.0>
Sent current time to <0.55.0>
Sent current time to <0.55.0>
Sent current time to <0.55.0>
Sent current time to <0.55.0>
Sent current time to <0.55.0>
Sent current time to <0.82.0>
Received Timestamp 1496179357691 with offset 0
Sent current time to <0.55.0>
Sent current time to <0.55.0>
Sent current time to <0.85.0>
Sent current time to <0.55.0>
Sent current time to <0.82.0>
Sent current time to <0.55.0>
Received Timestamp 1496179357722 with offset 0
Sent current time to <0.55.0>
Sent current time to <0.55.0>
Sent current time to <0.82.0>
Received Timestamp 1496179357800 with offset 0
Sent current time to <0.55.0>
Sent current time to <0.55.0>
Sent current time to <0.82.0>
Received Timestamp 1496179357847 with offset 0
Sent current time to <0.55.0>
Sent current time to <0.55.0>
Sent current time to <0.55.0>
Sent current time to <0.55.0>
Sent current time to <0.55.0>
Sent current time to <0.55.0>
Sent current time to <0.82.0>
Received Timestamp 1496179357971 with offset 0
Sent current time to <0.55.0>
Sent current time to <0.55.0>
Sent current time to <0.82.0>
Received Timestamp 1496179358003 with offset 0
Syncing time with offset 0
Sent current time to <0.55.0>
Sent current time to <0.55.0>
Sent current time to <0.55.0>
Sent current time to <0.55.0>
Sent current time to <0.55.0>
Sent current time to <0.55.0>
Sent current time to <0.55.0>
Sent current time to <0.55.0>
Sent current time to <0.82.0>
Received Timestamp 1496179358174 with offset 0
Sent current time to <0.55.0>
Sent current time to <0.55.0>
Sent current time to <0.82.0>
Received Timestamp 1496179358205 with offset 0
Sent current time to <0.55.0>
Sent current time to <0.55.0>
Sent current time to <0.55.0>
Sent current time to <0.55.0>
Sent current time to <0.82.0>
Received Timestamp 1496179358283 with offset 0
Sent current time to <0.55.0>
Sent current time to <0.55.0>
Sent current time to <0.82.0>
Received Timestamp 1496179358330 with offset 0
Sent current time to <0.55.0>
Sent current time to <0.55.0>
Sent current time to <0.55.0>
Sent current time to <0.55.0>
Sent current time to <0.82.0>
Received Timestamp 1496179358408 with offset 0
Sent current time to <0.55.0>
Sent current time to <0.55.0>
Sent current time to <0.55.0>
Sent current time to <0.55.0>
Sent current time to <0.55.0>
Sent current time to <0.55.0>
Sent current time to <0.55.0>
Sent current time to <0.55.0>
Sent current time to <0.55.0>
Sent current time to <0.55.0>
Sent current time to <0.55.0>
Sent current time to <0.55.0>
Sent current time to <0.55.0>
Sent current time to <0.55.0>
Sent current time to <0.82.0>
Received Timestamp 1496179358689 with offset 0
Sent current time to <0.55.0>
Sent current time to <0.55.0>
Sent current time to <0.55.0>
Sent current time to <0.55.0>
Sent current time to <0.55.0>
Sent current time to <0.55.0>
Sent current time to <0.82.0>
Received Timestamp 1496179358814 with offset 0
Sent current time to <0.55.0>
Sent current time to <0.55.0>
Sent current time to <0.82.0>
Received Timestamp 1496179358845 with offset 0
Sent current time to <0.55.0>
Sent current time to <0.55.0>
Sent current time to <0.55.0>
Sent current time to <0.55.0>
Sent current time to <0.55.0>
Sent current time to <0.55.0>
Sent current time to <0.82.0>
Received Timestamp 1496179358970 with offset 0
Sent current time to <0.85.0>
Sent current time to <0.55.0>
Sent current time to <0.82.0>
Sent current time to <0.55.0>
Sent current time to <0.82.0>
Syncing time with offset 0
Sent current time to <0.55.0>
Sent current time to <0.55.0>
Sent current time to <0.55.0>
Sent current time to <0.55.0>
Sent current time to <0.55.0>
Sent current time to <0.55.0>
Sent current time to <0.55.0>
Sent current time to <0.55.0>
Sent current time to <0.82.0>
Received Timestamp 1496179359173 with offset 0
Sent current time to <0.55.0>
Sent current time to <0.55.0>
Sent current time to <0.82.0>
Received Timestamp 1496179359204 with offset 0
Sent current time to <0.55.0>
Sent current time to <0.55.0>
Sent current time to <0.55.0>
Sent current time to <0.55.0>
Sent current time to <0.82.0>
Received Timestamp 1496179359282 with offset 0
Sent current time to <0.55.0>
Sent current time to <0.55.0>
Sent current time to <0.82.0>
Received Timestamp 1496179359329 with offset 0
Sent current time to <0.55.0>
Sent current time to <0.55.0>
Sent current time to <0.55.0>
Sent current time to <0.55.0>
Sent current time to <0.82.0>
Received Timestamp 1496179359407 with offset 0
Sent current time to <0.55.0>
Sent current time to <0.55.0>
Sent current time to <0.55.0>
Sent current time to <0.55.0>
Sent current time to <0.55.0>
Sent current time to <0.55.0>
Sent current time to <0.55.0>
Sent current time to <0.55.0>
Sent current time to <0.55.0>
Sent current time to <0.55.0>
Sent current time to <0.55.0>
Sent current time to <0.55.0>
Sent current time to <0.85.0>
Sent current time to <0.55.0>
Sent current time to <0.82.0>
Sent current time to <0.55.0>
Sent current time to <0.82.0>
Sent current time to <0.55.0>
Sent current time to <0.55.0>
Sent current time to <0.55.0>
Sent current time to <0.55.0>
Sent current time to <0.55.0>
Sent current time to <0.55.0>
Sent current time to <0.82.0>
Received Timestamp 1496179359812 with offset 0
Sent current time to <0.55.0>
Sent current time to <0.55.0>
Sent current time to <0.82.0>
Received Timestamp 1496179359843 with offset 0
Sent current time to <0.55.0>
Sent current time to <0.55.0>
Sent current time to <0.55.0>
Sent current time to <0.55.0>
Sent current time to <0.55.0>
Sent current time to <0.55.0>
Sent current time to <0.82.0>
Received Timestamp 1496179359968 with offset 0
Sent current time to <0.55.0>
Sent current time to <0.55.0>
Sent current time to <0.82.0>
Received Timestamp 1496179360015 with offset 0
Syncing time with offset 0
Sent current time to <0.55.0>
Sent current time to <0.55.0>
Sent current time to <0.55.0>
Sent current time to <0.55.0>
Sent current time to <0.85.0>
Sent current time to <0.55.0>
Sent current time to <0.82.0>
Sent current time to <0.55.0>
Received Timestamp 1496179360093 with offset 0
Sent current time to <0.55.0>
Sent current time to <0.55.0>
Sent current time to <0.82.0>
Received Timestamp 1496179360171 with offset 0
Sent current time to <0.55.0>
Sent current time to <0.55.0>
Sent current time to <0.82.0>
Received Timestamp 1496179360202 with offset 0
Sent current time to <0.55.0>
Sent current time to <0.55.0>
Sent current time to <0.55.0>
Sent current time to <0.55.0>
Sent current time to <0.82.0>
Received Timestamp 1496179360280 with offset 0
Sent current time to <0.55.0>
Sent current time to <0.55.0>
Sent current time to <0.82.0>
Received Timestamp 1496179360327 with offset 0
Sent current time to <0.55.0>
Sent current time to <0.55.0>
Sent current time to <0.55.0>
Sent current time to <0.55.0>
Sent current time to <0.82.0>
Received Timestamp 1496179360405 with offset 0
Sent current time to <0.55.0>
Sent current time to <0.55.0>
Sent current time to <0.55.0>
Sent current time to <0.55.0>
Sent current time to <0.55.0>
Sent current time to <0.55.0>
Sent current time to <0.55.0>
Sent current time to <0.55.0>
Sent current time to <0.55.0>
Sent current time to <0.55.0>
Sent current time to <0.55.0>
Sent current time to <0.55.0>
Sent current time to <0.55.0>
Sent current time to <0.55.0>
Sent current time to <0.82.0>
Received Timestamp 1496179360686 with offset 0
Sent current time to <0.55.0>
Sent current time to <0.55.0>
Sent current time to <0.55.0>
Sent current time to <0.55.0>
Sent current time to <0.55.0>
